#
# A fatal error has been detected by the Java Runtime Environment:
#
#  SIGSEGV (0xb) at pc=0x00007effde1c0129, pid=7244, tid=139637419329280
#
# JRE version: Java(TM) SE Runtime Environment (8.0-b106) (build 1.8.0-ea-b106)
# Java VM: Java HotSpot(TM) 64-Bit Server VM (25.0-b48 mixed mode linux-amd64 compressed oops)
# Problematic frame:
# C  [libc.so.6+0x154129]  __nss_hosts_lookup+0x1ba29
#
# Failed to write core dump. Core dumps have been disabled. To enable core dumping, try "ulimit -c unlimited" before starting Java again
#
# If you would like to submit a bug report, please visit:
#   http://bugreport.sun.com/bugreport/crash.jsp
# The crash happened outside the Java Virtual Machine in native code.
# See problematic frame for where to report the bug.
#

---------------  T H R E A D  ---------------

Current thread (0x00007effd800a000):  JavaThread "main" [_thread_in_native, id=7245, stack(0x00007effdeb6c000,0x00007effdec6d000)]

siginfo:si_signo=SIGSEGV: si_errno=0, si_code=2 (SEGV_ACCERR), si_addr=0x00007effc51420d2

Registers:
RAX=0x00007effd8176ef0, RBX=0x0000000000000c40, RCX=0x0000000000010000, RDX=0x0000000000000c40
RSP=0x00007effdec67f78, RBP=0x00007effdec67fd0, RSI=0x00007effc51420e2, RDI=0x00007effd8177b30
R8 =0x0000000000000003, R9 =0x0000000000000c41, R10=0x0000000000000061, R11=0x00007effd8000078
R12=0x00007effc512c38f, R13=0x00007effd82b52d0, R14=0x0000000000008352, R15=0x00007effd80d7ac0
RIP=0x00007effde1c0129, EFLAGS=0x0000000000010206, CSGSFS=0x0000000000000033, ERR=0x0000000000000004
  TRAPNO=0x000000000000000e

Top of Stack: (sp=0x00007effdec67f78)
0x00007effdec67f78:   00007effd7be891e 00007effdec68020
0x00007effdec67f88:   0c4052ff00000001 000000000000cd93
0x00007effdec67f98:   0000000001f45ecf 00007effd82b52d0
0x00007effdec67fa8:   0000000000000000 00007effd80d7ac0
0x00007effdec67fb8:   00007effdec68220 00007effdec68030
0x00007effdec67fc8:   00007effd800a000 00007effdec67ff0
0x00007effdec67fd8:   00007effd7be8d23 00007effd80d7ac0
0x00007effdec67fe8:   0000000000000000 00007effdec68040
0x00007effdec67ff8:   00007effc8d4e2c6 0000000000000000
0x00007effdec68008:   00007effc7524120 0000000000000000
0x00007effdec68018:   00007effdec68030 00007effdec68088
0x00007effdec68028:   00007effc8a06058 00000007d544d488
0x00007effdec68038:   00000007d7d74018 00007effdec68268
0x00007effdec68048:   00007effc8d60c0c 00007effc7488695
0x00007effdec68058:   00007effdec68098 00007effc748a370
0x00007effdec68068:   0000000000000000 00007effc74886a0
0x00007effdec68078:   0000000000000000 00007effdec68098
0x00007effdec68088:   00007effdec680e0 00007effc8a06233
0x00007effdec68098:   00000007d544e238 00007effdec680a0
0x00007effdec680a8:   00007effc748f901 00007effdec680f0
0x00007effdec680b8:   00007effc748fc50 00000007d7d74018
0x00007effdec680c8:   00000007d544e238 0000000000000000
0x00007effdec680d8:   00007effdec680f0 00007effdec68140
0x00007effdec680e8:   00007effc8a06233 00000007d544e238
0x00007effdec680f8:   00000007d7d74000 00007effdec68100
0x00007effdec68108:   0000000000000001 00000007d544e238
0x00007effdec68118:   00007effc7523970 00007effdec68268
0x00007effdec68128:   00007effc8d5be74 0000000000000000
0x00007effdec68138:   00007effdec68150 00007effdec681a0
0x00007effdec68148:   00007effc8a06058 00000007d544e238
0x00007effdec68158:   00000007d7d74018 00007effdec68268
0x00007effdec68168:   00007effc8bfe3fc 00000007d544e238 

Instructions: (pc=0x00007effde1c0129)
0x00007effde1c0109:   1f 84 00 00 00 00 00 48 8b 0d 59 d1 26 00 48 d1
0x00007effde1c0119:   e1 48 39 ca 0f 87 9d 19 00 00 48 01 d7 48 01 d6
0x00007effde1c0129:   f3 0f 6f 46 f0 4c 8d 47 f0 49 89 f9 49 83 e1 0f
0x00007effde1c0139:   4c 31 cf 4c 29 ce 4c 29 ca 49 89 f1 49 83 e1 0f 

Register to memory mapping:

RAX=0x00007effd8176ef0 is an unknown value
RBX=0x0000000000000c40 is an unknown value
RCX=0x0000000000010000 is an unknown value
RDX=0x0000000000000c40 is an unknown value
RSP=0x00007effdec67f78 is pointing into the stack for thread: 0x00007effd800a000
RBP=0x00007effdec67fd0 is pointing into the stack for thread: 0x00007effd800a000
RSI=0x00007effc51420e2 is an unknown value
RDI=0x00007effd8177b30 is an unknown value
R8 =0x0000000000000003 is an unknown value
R9 =0x0000000000000c41 is an unknown value
R10=0x0000000000000061 is an unknown value
R11=0x00007effd8000078 is an unknown value
R12=0x00007effc512c38f is an unknown value
R13=0x00007effd82b52d0 is an unknown value
R14=0x0000000000008352 is an unknown value
R15=0x00007effd80d7ac0 is an unknown value


Stack: [0x00007effdeb6c000,0x00007effdec6d000],  sp=0x00007effdec67f78,  free space=1007k
Native frames: (J=compiled Java code, j=interpreted, Vv=VM code, C=native code)
C  [libc.so.6+0x154129]  __nss_hosts_lookup+0x1ba29
C  [libzip.so+0x11d23]  ZIP_GetNextEntry+0x53
J 978  java.util.zip.ZipFile.getNextEntry(JI)J (0 bytes) @ 0x00007effc8d4e2c6 [0x00007effc8d4e200+0xc6]
J 976 C1 java.util.zip.ZipFile$ZipEntryIterator.next()Ljava/util/zip/ZipEntry; (212 bytes) @ 0x00007effc8d60c0c [0x00007effc8d60940+0x2cc]
J 974 C1 java.util.zip.ZipFile$ZipEntryIterator.nextElement()Ljava/lang/Object; (5 bytes) @ 0x00007effc8d5be74 [0x00007effc8d5bdc0+0xb4]
J 471 C1 java.util.jar.JarFile$JarEntryIterator.nextElement()Ljava/lang/Object; (5 bytes) @ 0x00007effc8bfe3fc [0x00007effc8bfe240+0x1bc]
j  sun.misc.URLClassPath$JarLoader.validIndex(Ljava/lang/String;)Z+42
j  sun.misc.URLClassPath$JarLoader.getResource(Ljava/lang/String;ZLjava/util/Set;)Lsun/misc/Resource;+269
J 801 C1 sun.misc.URLClassPath$JarLoader.getResource(Ljava/lang/String;Z)Lsun/misc/Resource; (85 bytes) @ 0x00007effc8ce4d0c [0x00007effc8ce44e0+0x82c]
J 854 C1 sun.misc.URLClassPath.getResource(Ljava/lang/String;Z)Lsun/misc/Resource; (74 bytes) @ 0x00007effc8d1041c [0x00007effc8d102e0+0x13c]
J 865 C1 java.net.URLClassLoader$1.run()Ljava/lang/Class; (73 bytes) @ 0x00007effc8d131d4 [0x00007effc8d12fa0+0x234]
J 864 C1 java.net.URLClassLoader$1.run()Ljava/lang/Object; (5 bytes) @ 0x00007effc8d13a84 [0x00007effc8d13a00+0x84]
v  ~StubRoutines::call_stub
V  [libjvm.so+0x60e406]  JavaCalls::call_helper(JavaValue*, methodHandle*, JavaCallArguments*, Thread*)+0x1056
V  [libjvm.so+0x6a14dc]  JVM_DoPrivileged+0x27c
J 863  java.security.AccessController.doPrivileged(Ljava/security/PrivilegedExceptionAction;Ljava/security/AccessControlContext;)Ljava/lang/Object; (0 bytes) @ 0x00007effc8d14be5 [0x00007effc8d14b00+0xe5]
J 861 C1 java.net.URLClassLoader.findClass(Ljava/lang/String;)Ljava/lang/Class; (29 bytes) @ 0x00007effc8d143a4 [0x00007effc8d14220+0x184]
J 252 C1 java.lang.ClassLoader.loadClass(Ljava/lang/String;Z)Ljava/lang/Class; (122 bytes) @ 0x00007effc8b7cd54 [0x00007effc8b7c400+0x954]
J 261 C1 java.lang.ClassLoader.loadClass(Ljava/lang/String;)Ljava/lang/Class; (7 bytes) @ 0x00007effc8b7bbcc [0x00007effc8b7bac0+0x10c]
v  ~StubRoutines::call_stub
V  [libjvm.so+0x60e406]  JavaCalls::call_helper(JavaValue*, methodHandle*, JavaCallArguments*, Thread*)+0x1056
V  [libjvm.so+0x60e911]  JavaCalls::call_virtual(JavaValue*, KlassHandle, Symbol*, Symbol*, JavaCallArguments*, Thread*)+0x321
V  [libjvm.so+0x60ed66]  JavaCalls::call_virtual(JavaValue*, Handle, KlassHandle, Symbol*, Symbol*, Handle, Thread*)+0x56
V  [libjvm.so+0x98bb80]  SystemDictionary::load_instance_class(Symbol*, Handle, Thread*)+0x3c0
V  [libjvm.so+0x98abde]  SystemDictionary::resolve_instance_class_or_null(Symbol*, Handle, Handle, Thread*)+0x88e
V  [libjvm.so+0x98bfa3]  SystemDictionary::resolve_or_fail(Symbol*, Handle, Handle, bool, Thread*)+0x33
V  [libjvm.so+0x4904d4]  ConstantPool::klass_at_impl(constantPoolHandle, int, Thread*)+0x274
V  [libjvm.so+0x604c9f]  InterpreterRuntime::quicken_io_cc(JavaThread*)+0xdf
j  jdk.internal.dynalink.beans.BeansLinker.isDynamicMethod(Ljava/lang/Object;)Z+1
j  jdk.nashorn.internal.runtime.JSType.of(Ljava/lang/Object;)Ljdk/nashorn/internal/runtime/JSType;+95
j  jdk.nashorn.internal.runtime.ScriptRuntime.builtinObjectToString(Ljava/lang/Object;)Ljava/lang/String;+1
j  jdk.nashorn.internal.objects.NativeObject.toString(Ljava/lang/Object;)Ljava/lang/Object;+1
j  java.lang.invoke.LambdaForm$DMH.invokeStaticInit_L_L(Ljava/lang/Object;Ljava/lang/Object;)Ljava/lang/Object;+10
j  java.lang.invoke.LambdaForm$MH.invokeExact_MT(Ljava/lang/Object;Ljava/lang/Object;Ljava/lang/Object;)Ljava/lang/Object;+10
j  jdk.nashorn.internal.runtime.ScriptFunctionData.invoke(Ljdk/nashorn/internal/runtime/ScriptFunction;Ljava/lang/Object;[Ljava/lang/Object;)Ljava/lang/Object;+236
j  jdk.nashorn.internal.runtime.ScriptFunction.invoke(Ljava/lang/Object;[Ljava/lang/Object;)Ljava/lang/Object;+21
j  jdk.nashorn.internal.runtime.ScriptRuntime.apply(Ljdk/nashorn/internal/runtime/ScriptFunction;Ljava/lang/Object;[Ljava/lang/Object;)Ljava/lang/Object;+3
j  jdk.nashorn.internal.objects.NativeFunction.call(Ljava/lang/Object;[Ljava/lang/Object;)Ljava/lang/Object;+75
j  java.lang.invoke.LambdaForm$DMH.invokeStaticInit_LL_L(Ljava/lang/Object;Ljava/lang/Object;Ljava/lang/Object;)Ljava/lang/Object;+11
j  java.lang.invoke.LambdaForm$DMH.invokeSpecial_LLL_L(Ljava/lang/Object;Ljava/lang/Object;Ljava/lang/Object;Ljava/lang/Object;)Ljava/lang/Object;+14
j  java.lang.invoke.LambdaForm$NamedFunction.invoke_LLL_L(Ljava/lang/invoke/MethodHandle;[Ljava/lang/Object;)Ljava/lang/Object;+30
J 1049 C1 java.lang.invoke.LambdaForm$DMH.invokeStatic_LL_L(Ljava/lang/Object;Ljava/lang/Object;Ljava/lang/Object;)Ljava/lang/Object; (15 bytes) @ 0x00007effc8d8987c [0x00007effc8d896e0+0x19c]
J 1048 C1 java.lang.invoke.LambdaForm$NamedFunction.invokeWithArguments([Ljava/lang/Object;)Ljava/lang/Object; (50 bytes) @ 0x00007effc8d88b74 [0x00007effc8d88020+0xb54]
J 1047 C1 java.lang.invoke.LambdaForm.interpretName(Ljava/lang/invoke/LambdaForm$Name;[Ljava/lang/Object;)Ljava/lang/Object; (121 bytes) @ 0x00007effc8d87794 [0x00007effc8d87160+0x634]
J 1096 C1 java.lang.invoke.LambdaForm.interpretWithArguments([Ljava/lang/Object;)Ljava/lang/Object; (95 bytes) @ 0x00007effc8b9606c [0x00007effc8b95dc0+0x2ac]
j  java.lang.invoke.LambdaForm$LFI.interpret_L(Ljava/lang/invoke/MethodHandle;Ljava/lang/Object;Ljava/lang/Object;Ljava/lang/Object;)Ljava/lang/Object;+25
j  java.lang.invoke.LambdaForm$NamedFunction.invoke_LLL_L(Ljava/lang/invoke/MethodHandle;[Ljava/lang/Object;)Ljava/lang/Object;+30
J 1049 C1 java.lang.invoke.LambdaForm$DMH.invokeStatic_LL_L(Ljava/lang/Object;Ljava/lang/Object;Ljava/lang/Object;)Ljava/lang/Object; (15 bytes) @ 0x00007effc8d8987c [0x00007effc8d896e0+0x19c]
J 1048 C1 java.lang.invoke.LambdaForm$NamedFunction.invokeWithArguments([Ljava/lang/Object;)Ljava/lang/Object; (50 bytes) @ 0x00007effc8d88b74 [0x00007effc8d88020+0xb54]
J 1047 C1 java.lang.invoke.LambdaForm.interpretName(Ljava/lang/invoke/LambdaForm$Name;[Ljava/lang/Object;)Ljava/lang/Object; (121 bytes) @ 0x00007effc8d87794 [0x00007effc8d87160+0x634]
J 1096 C1 java.lang.invoke.LambdaForm.interpretWithArguments([Ljava/lang/Object;)Ljava/lang/Object; (95 bytes) @ 0x00007effc8b9606c [0x00007effc8b95dc0+0x2ac]
j  java.lang.invoke.LambdaForm$LFI.interpret_L(Ljava/lang/invoke/MethodHandle;Ljava/lang/Object;Ljava/lang/Object;Ljava/lang/Object;)Ljava/lang/Object;+25
j  java.lang.invoke.LambdaForm$DMH.invokeSpecial_LLLL_L(Ljava/lang/Object;Ljava/lang/Object;Ljava/lang/Object;Ljava/lang/Object;Ljava/lang/Object;)Ljava/lang/Object;+16
j  java.lang.invoke.LambdaForm$NamedFunction.invoke_LLLL_L(Ljava/lang/invoke/MethodHandle;[Ljava/lang/Object;)Ljava/lang/Object;+33
J 1049 C1 java.lang.invoke.LambdaForm$DMH.invokeStatic_LL_L(Ljava/lang/Object;Ljava/lang/Object;Ljava/lang/Object;)Ljava/lang/Object; (15 bytes) @ 0x00007effc8d8987c [0x00007effc8d896e0+0x19c]
J 1048 C1 java.lang.invoke.LambdaForm$NamedFunction.invokeWithArguments([Ljava/lang/Object;)Ljava/lang/Object; (50 bytes) @ 0x00007effc8d88b74 [0x00007effc8d88020+0xb54]
J 1047 C1 java.lang.invoke.LambdaForm.interpretName(Ljava/lang/invoke/LambdaForm$Name;[Ljava/lang/Object;)Ljava/lang/Object; (121 bytes) @ 0x00007effc8d87794 [0x00007effc8d87160+0x634]
J 1096 C1 java.lang.invoke.LambdaForm.interpretWithArguments([Ljava/lang/Object;)Ljava/lang/Object; (95 bytes) @ 0x00007effc8b9606c [0x00007effc8b95dc0+0x2ac]
j  java.lang.invoke.LambdaForm$LFI.interpret_L(Ljava/lang/invoke/MethodHandle;Ljava/lang/Object;Ljava/lang/Object;Ljava/lang/Object;Ljava/lang/Object;)Ljava/lang/Object;+30
j  java.lang.invoke.LambdaForm$NamedFunction.invoke_LLLL_L(Ljava/lang/invoke/MethodHandle;[Ljava/lang/Object;)Ljava/lang/Object;+33
J 1049 C1 java.lang.invoke.LambdaForm$DMH.invokeStatic_LL_L(Ljava/lang/Object;Ljava/lang/Object;Ljava/lang/Object;)Ljava/lang/Object; (15 bytes) @ 0x00007effc8d8987c [0x00007effc8d896e0+0x19c]
J 1048 C1 java.lang.invoke.LambdaForm$NamedFunction.invokeWithArguments([Ljava/lang/Object;)Ljava/lang/Object; (50 bytes) @ 0x00007effc8d88b74 [0x00007effc8d88020+0xb54]
J 1047 C1 java.lang.invoke.LambdaForm.interpretName(Ljava/lang/invoke/LambdaForm$Name;[Ljava/lang/Object;)Ljava/lang/Object; (121 bytes) @ 0x00007effc8d87794 [0x00007effc8d87160+0x634]
J 1096 C1 java.lang.invoke.LambdaForm.interpretWithArguments([Ljava/lang/Object;)Ljava/lang/Object; (95 bytes) @ 0x00007effc8b9606c [0x00007effc8b95dc0+0x2ac]
j  java.lang.invoke.LambdaForm$LFI.interpret_L(Ljava/lang/invoke/MethodHandle;Ljava/lang/Object;Ljava/lang/Object;Ljava/lang/Object;)Ljava/lang/Object;+25
j  java.lang.invoke.LambdaForm$MH.linkToCallSite(Ljava/lang/Object;Ljava/lang/Object;Ljava/lang/Object;Ljava/lang/Object;)Ljava/lang/Object;+14
j  jdk.nashorn.internal.scripts.Script$\^shell\_.runScript(Ljdk/nashorn/internal/runtime/ScriptFunction;Ljava/lang/Object;)Ljava/lang/Object;+61
J 1049 C1 java.lang.invoke.LambdaForm$DMH.invokeStatic_LL_L(Ljava/lang/Object;Ljava/lang/Object;Ljava/lang/Object;)Ljava/lang/Object; (15 bytes) @ 0x00007effc8d8987c [0x00007effc8d896e0+0x19c]
j  java.lang.invoke.LambdaForm$MH.invokeExact_MT(Ljava/lang/Object;Ljava/lang/Object;Ljava/lang/Object;Ljava/lang/Object;)Ljava/lang/Object;+11
j  jdk.nashorn.internal.runtime.ScriptFunctionData.invoke(Ljdk/nashorn/internal/runtime/ScriptFunction;Ljava/lang/Object;[Ljava/lang/Object;)Ljava/lang/Object;+117
j  jdk.nashorn.internal.runtime.ScriptFunction.invoke(Ljava/lang/Object;[Ljava/lang/Object;)Ljava/lang/Object;+21
j  jdk.nashorn.internal.runtime.ScriptRuntime.apply(Ljdk/nashorn/internal/runtime/ScriptFunction;Ljava/lang/Object;[Ljava/lang/Object;)Ljava/lang/Object;+3
j  jdk.nashorn.internal.runtime.Context.eval(Ljdk/nashorn/internal/runtime/ScriptObject;Ljava/lang/String;Ljava/lang/Object;Ljava/lang/Object;Z)Ljava/lang/Object;+223
j  jdk.nashorn.tools.Shell.readEvalPrint(Ljdk/nashorn/internal/runtime/Context;Ljdk/nashorn/internal/runtime/ScriptObject;)I+209
j  jdk.nashorn.tools.Shell.run(Ljava/io/InputStream;Ljava/io/OutputStream;Ljava/io/OutputStream;[Ljava/lang/String;)I+53
j  jdk.nashorn.tools.Shell.main(Ljava/io/InputStream;Ljava/io/OutputStream;Ljava/io/OutputStream;[Ljava/lang/String;)I+11
j  jdk.nashorn.tools.Shell.main([Ljava/lang/String;)V+10
v  ~StubRoutines::call_stub
V  [libjvm.so+0x60e406]  JavaCalls::call_helper(JavaValue*, methodHandle*, JavaCallArguments*, Thread*)+0x1056
V  [libjvm.so+0x653316]  jni_invoke_static(JNIEnv_*, JavaValue*, _jobject*, JNICallType, _jmethodID*, JNI_ArgumentPusher*, Thread*)+0x346
V  [libjvm.so+0x65912a]  jni_CallStaticVoidMethod+0x17a
C  [libjli.so+0x77e4]  JavaMain+0x844

Java frames: (J=compiled Java code, j=interpreted, Vv=VM code)
J 978  java.util.zip.ZipFile.getNextEntry(JI)J (0 bytes) @ 0x00007effc8d4e254 [0x00007effc8d4e200+0x54]
J 976 C1 java.util.zip.ZipFile$ZipEntryIterator.next()Ljava/util/zip/ZipEntry; (212 bytes) @ 0x00007effc8d60c0c [0x00007effc8d60940+0x2cc]
J 974 C1 java.util.zip.ZipFile$ZipEntryIterator.nextElement()Ljava/lang/Object; (5 bytes) @ 0x00007effc8d5be74 [0x00007effc8d5bdc0+0xb4]
J 471 C1 java.util.jar.JarFile$JarEntryIterator.nextElement()Ljava/lang/Object; (5 bytes) @ 0x00007effc8bfe3fc [0x00007effc8bfe240+0x1bc]
j  sun.misc.URLClassPath$JarLoader.validIndex(Ljava/lang/String;)Z+42
j  sun.misc.URLClassPath$JarLoader.getResource(Ljava/lang/String;ZLjava/util/Set;)Lsun/misc/Resource;+269
J 801 C1 sun.misc.URLClassPath$JarLoader.getResource(Ljava/lang/String;Z)Lsun/misc/Resource; (85 bytes) @ 0x00007effc8ce4d0c [0x00007effc8ce44e0+0x82c]
J 854 C1 sun.misc.URLClassPath.getResource(Ljava/lang/String;Z)Lsun/misc/Resource; (74 bytes) @ 0x00007effc8d1041c [0x00007effc8d102e0+0x13c]
J 865 C1 java.net.URLClassLoader$1.run()Ljava/lang/Class; (73 bytes) @ 0x00007effc8d131d4 [0x00007effc8d12fa0+0x234]
J 864 C1 java.net.URLClassLoader$1.run()Ljava/lang/Object; (5 bytes) @ 0x00007effc8d13a84 [0x00007effc8d13a00+0x84]
v  ~StubRoutines::call_stub
J 863  java.security.AccessController.doPrivileged(Ljava/security/PrivilegedExceptionAction;Ljava/security/AccessControlContext;)Ljava/lang/Object; (0 bytes) @ 0x00007effc8d14b73 [0x00007effc8d14b00+0x73]
J 861 C1 java.net.URLClassLoader.findClass(Ljava/lang/String;)Ljava/lang/Class; (29 bytes) @ 0x00007effc8d143a4 [0x00007effc8d14220+0x184]
J 252 C1 java.lang.ClassLoader.loadClass(Ljava/lang/String;Z)Ljava/lang/Class; (122 bytes) @ 0x00007effc8b7cd54 [0x00007effc8b7c400+0x954]
J 261 C1 java.lang.ClassLoader.loadClass(Ljava/lang/String;)Ljava/lang/Class; (7 bytes) @ 0x00007effc8b7bbcc [0x00007effc8b7bac0+0x10c]
v  ~StubRoutines::call_stub
j  jdk.internal.dynalink.beans.BeansLinker.isDynamicMethod(Ljava/lang/Object;)Z+1
j  jdk.nashorn.internal.runtime.JSType.of(Ljava/lang/Object;)Ljdk/nashorn/internal/runtime/JSType;+95
j  jdk.nashorn.internal.runtime.ScriptRuntime.builtinObjectToString(Ljava/lang/Object;)Ljava/lang/String;+1
j  jdk.nashorn.internal.objects.NativeObject.toString(Ljava/lang/Object;)Ljava/lang/Object;+1
j  java.lang.invoke.LambdaForm$DMH.invokeStaticInit_L_L(Ljava/lang/Object;Ljava/lang/Object;)Ljava/lang/Object;+10
j  java.lang.invoke.LambdaForm$MH.invokeExact_MT(Ljava/lang/Object;Ljava/lang/Object;Ljava/lang/Object;)Ljava/lang/Object;+10
j  jdk.nashorn.internal.runtime.ScriptFunctionData.invoke(Ljdk/nashorn/internal/runtime/ScriptFunction;Ljava/lang/Object;[Ljava/lang/Object;)Ljava/lang/Object;+236
j  jdk.nashorn.internal.runtime.ScriptFunction.invoke(Ljava/lang/Object;[Ljava/lang/Object;)Ljava/lang/Object;+21
j  jdk.nashorn.internal.runtime.ScriptRuntime.apply(Ljdk/nashorn/internal/runtime/ScriptFunction;Ljava/lang/Object;[Ljava/lang/Object;)Ljava/lang/Object;+3
j  jdk.nashorn.internal.objects.NativeFunction.call(Ljava/lang/Object;[Ljava/lang/Object;)Ljava/lang/Object;+75
j  java.lang.invoke.LambdaForm$DMH.invokeStaticInit_LL_L(Ljava/lang/Object;Ljava/lang/Object;Ljava/lang/Object;)Ljava/lang/Object;+11
j  java.lang.invoke.LambdaForm$DMH.invokeSpecial_LLL_L(Ljava/lang/Object;Ljava/lang/Object;Ljava/lang/Object;Ljava/lang/Object;)Ljava/lang/Object;+14
j  java.lang.invoke.LambdaForm$NamedFunction.invoke_LLL_L(Ljava/lang/invoke/MethodHandle;[Ljava/lang/Object;)Ljava/lang/Object;+30
J 1049 C1 java.lang.invoke.LambdaForm$DMH.invokeStatic_LL_L(Ljava/lang/Object;Ljava/lang/Object;Ljava/lang/Object;)Ljava/lang/Object; (15 bytes) @ 0x00007effc8d8987c [0x00007effc8d896e0+0x19c]
J 1048 C1 java.lang.invoke.LambdaForm$NamedFunction.invokeWithArguments([Ljava/lang/Object;)Ljava/lang/Object; (50 bytes) @ 0x00007effc8d88b74 [0x00007effc8d88020+0xb54]
J 1047 C1 java.lang.invoke.LambdaForm.interpretName(Ljava/lang/invoke/LambdaForm$Name;[Ljava/lang/Object;)Ljava/lang/Object; (121 bytes) @ 0x00007effc8d87794 [0x00007effc8d87160+0x634]
J 1096 C1 java.lang.invoke.LambdaForm.interpretWithArguments([Ljava/lang/Object;)Ljava/lang/Object; (95 bytes) @ 0x00007effc8b9606c [0x00007effc8b95dc0+0x2ac]
j  java.lang.invoke.LambdaForm$LFI.interpret_L(Ljava/lang/invoke/MethodHandle;Ljava/lang/Object;Ljava/lang/Object;Ljava/lang/Object;)Ljava/lang/Object;+25
j  java.lang.invoke.LambdaForm$NamedFunction.invoke_LLL_L(Ljava/lang/invoke/MethodHandle;[Ljava/lang/Object;)Ljava/lang/Object;+30
J 1049 C1 java.lang.invoke.LambdaForm$DMH.invokeStatic_LL_L(Ljava/lang/Object;Ljava/lang/Object;Ljava/lang/Object;)Ljava/lang/Object; (15 bytes) @ 0x00007effc8d8987c [0x00007effc8d896e0+0x19c]
J 1048 C1 java.lang.invoke.LambdaForm$NamedFunction.invokeWithArguments([Ljava/lang/Object;)Ljava/lang/Object; (50 bytes) @ 0x00007effc8d88b74 [0x00007effc8d88020+0xb54]
J 1047 C1 java.lang.invoke.LambdaForm.interpretName(Ljava/lang/invoke/LambdaForm$Name;[Ljava/lang/Object;)Ljava/lang/Object; (121 bytes) @ 0x00007effc8d87794 [0x00007effc8d87160+0x634]
J 1096 C1 java.lang.invoke.LambdaForm.interpretWithArguments([Ljava/lang/Object;)Ljava/lang/Object; (95 bytes) @ 0x00007effc8b9606c [0x00007effc8b95dc0+0x2ac]
j  java.lang.invoke.LambdaForm$LFI.interpret_L(Ljava/lang/invoke/MethodHandle;Ljava/lang/Object;Ljava/lang/Object;Ljava/lang/Object;)Ljava/lang/Object;+25
j  java.lang.invoke.LambdaForm$DMH.invokeSpecial_LLLL_L(Ljava/lang/Object;Ljava/lang/Object;Ljava/lang/Object;Ljava/lang/Object;Ljava/lang/Object;)Ljava/lang/Object;+16
j  java.lang.invoke.LambdaForm$NamedFunction.invoke_LLLL_L(Ljava/lang/invoke/MethodHandle;[Ljava/lang/Object;)Ljava/lang/Object;+33
J 1049 C1 java.lang.invoke.LambdaForm$DMH.invokeStatic_LL_L(Ljava/lang/Object;Ljava/lang/Object;Ljava/lang/Object;)Ljava/lang/Object; (15 bytes) @ 0x00007effc8d8987c [0x00007effc8d896e0+0x19c]
J 1048 C1 java.lang.invoke.LambdaForm$NamedFunction.invokeWithArguments([Ljava/lang/Object;)Ljava/lang/Object; (50 bytes) @ 0x00007effc8d88b74 [0x00007effc8d88020+0xb54]
J 1047 C1 java.lang.invoke.LambdaForm.interpretName(Ljava/lang/invoke/LambdaForm$Name;[Ljava/lang/Object;)Ljava/lang/Object; (121 bytes) @ 0x00007effc8d87794 [0x00007effc8d87160+0x634]
J 1096 C1 java.lang.invoke.LambdaForm.interpretWithArguments([Ljava/lang/Object;)Ljava/lang/Object; (95 bytes) @ 0x00007effc8b9606c [0x00007effc8b95dc0+0x2ac]
j  java.lang.invoke.LambdaForm$LFI.interpret_L(Ljava/lang/invoke/MethodHandle;Ljava/lang/Object;Ljava/lang/Object;Ljava/lang/Object;Ljava/lang/Object;)Ljava/lang/Object;+30
j  java.lang.invoke.LambdaForm$NamedFunction.invoke_LLLL_L(Ljava/lang/invoke/MethodHandle;[Ljava/lang/Object;)Ljava/lang/Object;+33
J 1049 C1 java.lang.invoke.LambdaForm$DMH.invokeStatic_LL_L(Ljava/lang/Object;Ljava/lang/Object;Ljava/lang/Object;)Ljava/lang/Object; (15 bytes) @ 0x00007effc8d8987c [0x00007effc8d896e0+0x19c]
J 1048 C1 java.lang.invoke.LambdaForm$NamedFunction.invokeWithArguments([Ljava/lang/Object;)Ljava/lang/Object; (50 bytes) @ 0x00007effc8d88b74 [0x00007effc8d88020+0xb54]
J 1047 C1 java.lang.invoke.LambdaForm.interpretName(Ljava/lang/invoke/LambdaForm$Name;[Ljava/lang/Object;)Ljava/lang/Object; (121 bytes) @ 0x00007effc8d87794 [0x00007effc8d87160+0x634]
J 1096 C1 java.lang.invoke.LambdaForm.interpretWithArguments([Ljava/lang/Object;)Ljava/lang/Object; (95 bytes) @ 0x00007effc8b9606c [0x00007effc8b95dc0+0x2ac]
j  java.lang.invoke.LambdaForm$LFI.interpret_L(Ljava/lang/invoke/MethodHandle;Ljava/lang/Object;Ljava/lang/Object;Ljava/lang/Object;)Ljava/lang/Object;+25
j  java.lang.invoke.LambdaForm$MH.linkToCallSite(Ljava/lang/Object;Ljava/lang/Object;Ljava/lang/Object;Ljava/lang/Object;)Ljava/lang/Object;+14
j  jdk.nashorn.internal.scripts.Script$\^shell\_.runScript(Ljdk/nashorn/internal/runtime/ScriptFunction;Ljava/lang/Object;)Ljava/lang/Object;+61
J 1049 C1 java.lang.invoke.LambdaForm$DMH.invokeStatic_LL_L(Ljava/lang/Object;Ljava/lang/Object;Ljava/lang/Object;)Ljava/lang/Object; (15 bytes) @ 0x00007effc8d8987c [0x00007effc8d896e0+0x19c]
j  java.lang.invoke.LambdaForm$MH.invokeExact_MT(Ljava/lang/Object;Ljava/lang/Object;Ljava/lang/Object;Ljava/lang/Object;)Ljava/lang/Object;+11
j  jdk.nashorn.internal.runtime.ScriptFunctionData.invoke(Ljdk/nashorn/internal/runtime/ScriptFunction;Ljava/lang/Object;[Ljava/lang/Object;)Ljava/lang/Object;+117
j  jdk.nashorn.internal.runtime.ScriptFunction.invoke(Ljava/lang/Object;[Ljava/lang/Object;)Ljava/lang/Object;+21
j  jdk.nashorn.internal.runtime.ScriptRuntime.apply(Ljdk/nashorn/internal/runtime/ScriptFunction;Ljava/lang/Object;[Ljava/lang/Object;)Ljava/lang/Object;+3
j  jdk.nashorn.internal.runtime.Context.eval(Ljdk/nashorn/internal/runtime/ScriptObject;Ljava/lang/String;Ljava/lang/Object;Ljava/lang/Object;Z)Ljava/lang/Object;+223
j  jdk.nashorn.tools.Shell.readEvalPrint(Ljdk/nashorn/internal/runtime/Context;Ljdk/nashorn/internal/runtime/ScriptObject;)I+209
j  jdk.nashorn.tools.Shell.run(Ljava/io/InputStream;Ljava/io/OutputStream;Ljava/io/OutputStream;[Ljava/lang/String;)I+53
j  jdk.nashorn.tools.Shell.main(Ljava/io/InputStream;Ljava/io/OutputStream;Ljava/io/OutputStream;[Ljava/lang/String;)I+11
j  jdk.nashorn.tools.Shell.main([Ljava/lang/String;)V+10
v  ~StubRoutines::call_stub

---------------  P R O C E S S  ---------------

Java Threads: ( => current thread )
  0x00007effd80a5000 JavaThread "Service Thread" daemon [_thread_blocked, id=7257, stack(0x00007effc5243000,0x00007effc5344000)]
  0x00007effd80a2800 JavaThread "C1 CompilerThread2" daemon [_thread_blocked, id=7256, stack(0x00007effc5344000,0x00007effc5445000)]
  0x00007effd80a0800 JavaThread "C2 CompilerThread1" daemon [_thread_blocked, id=7255, stack(0x00007effc5445000,0x00007effc5546000)]
  0x00007effd809e000 JavaThread "C2 CompilerThread0" daemon [_thread_blocked, id=7254, stack(0x00007effc5546000,0x00007effc5647000)]
  0x00007effd809c800 JavaThread "Signal Dispatcher" daemon [_thread_blocked, id=7253, stack(0x00007effc5647000,0x00007effc5748000)]
  0x00007effd807a000 JavaThread "Finalizer" daemon [_thread_blocked, id=7252, stack(0x00007effc5e2a000,0x00007effc5f2b000)]
  0x00007effd8078000 JavaThread "Reference Handler" daemon [_thread_blocked, id=7251, stack(0x00007effc5f2b000,0x00007effc602c000)]
=>0x00007effd800a000 JavaThread "main" [_thread_in_native, id=7245, stack(0x00007effdeb6c000,0x00007effdec6d000)]

Other Threads:
  0x00007effd8073800 VMThread [stack: 0x00007effc602c000,0x00007effc612d000] [id=7250]
  0x00007effd80ba000 WatcherThread [stack: 0x00007effc5142000,0x00007effc5243000] [id=7258]

VM state:not at safepoint (normal execution)

VM Mutex/Monitor currently owned by a thread: None

Heap:
 PSYoungGen      total 612864K, used 52531K [0x00000007d5400000, 0x0000000800000000, 0x0000000800000000)
  eden space 525312K, 10% used [0x00000007d5400000,0x00000007d874cde0,0x00000007f5500000)
  from space 87552K, 0% used [0x00000007faa80000,0x00000007faa80000,0x0000000800000000)
  to   space 87552K, 0% used [0x00000007f5500000,0x00000007f5500000,0x00000007faa80000)
 ParOldGen       total 1398784K, used 0K [0x000000077fe00000, 0x00000007d5400000, 0x00000007d5400000)
  object space 1398784K, 0% used [0x000000077fe00000,0x000000077fe00000,0x00000007d5400000)
 Metaspace total 9326K, used 9052K, reserved 132096K
  data space     8108K, used 7929K, reserved 1024K
  class space    1218K, used 1122K, reserved 131072K

Card table byte_map: [0x00007effc823e000,0x00007effc8640000] byte_map_base: 0x00007effc463f000

Marking Bits: (ParMarkBitMap*) 0x00007effde041dc0
 Begin Bits: [0x00007effa3e00000, 0x00007effa5e08000)
 End Bits:   [0x00007effa5e08000, 0x00007effa7e10000)

Polling page: 0x00007effdec8b000

CodeCache: size=245760Kb used=3802Kb max_used=3863Kb free=241957Kb
 bounds [0x00007effc8a00000, 0x00007effc8e00000, 0x00007effd7a00000]
 total_blobs=1466 nmethods=1131 adapters=251
 compilation: enabled

Compilation events (10 events):
Event: 3616.234 Thread 0x00007effd80a2800 1201       3       jdk.nashorn.internal.codegen.MethodEmitter::pushType (13 bytes)
Event: 3616.234 Thread 0x00007effd80a2800 nmethod 1201 0x00007effc8cacd90 code [0x00007effc8cacf00, 0x00007effc8cad188]
Event: 3616.234 Thread 0x00007effd80a2800 1197       1       jdk.nashorn.internal.ir.FunctionNode::getName (5 bytes)
Event: 3616.235 Thread 0x00007effd80a2800 nmethod 1197 0x00007effc8ce8e90 code [0x00007effc8ce8fe0, 0x00007effc8ce9130]
Event: 3616.235 Thread 0x00007effd80a2800 1210       3       java.util.LinkedList::<init> (10 bytes)
Event: 3616.235 Thread 0x00007effd80a2800 nmethod 1210 0x00007effc8cf8f90 code [0x00007effc8cf9100, 0x00007effc8cf93f0]
Event: 3616.235 Thread 0x00007effd80a2800 1203       1       java.lang.invoke.MethodHandleImpl$AsVarargsCollector::asFixedArity (5 bytes)
Event: 3616.235 Thread 0x00007effd80a2800 nmethod 1203 0x00007effc8d37c10 code [0x00007effc8d37d60, 0x00007effc8d37eb0]
Event: 3616.236 Thread 0x00007effd80a2800 1211       3       java.lang.invoke.MethodType::invokers (27 bytes)
Event: 3616.236 Thread 0x00007effd80a2800 nmethod 1211 0x00007effc8c00d90 code [0x00007effc8c00f00, 0x00007effc8c013b0]

GC Heap History (0 events):
No events

Deoptimization events (6 events):
Event: 0.729 Thread 0x00007effd800a000 Uncommon trap: reason=unreached action=reinterpret pc=0x00007effc8be6dd4 method=java.lang.Object.equals(Ljava/lang/Object;)Z @ 2
Event: 0.829 Thread 0x00007effd800a000 Uncommon trap: reason=unreached action=reinterpret pc=0x00007effc8cacfdc method=java.lang.Object.equals(Ljava/lang/Object;)Z @ 2
Event: 0.833 Thread 0x00007effd800a000 Uncommon trap: reason=unreached action=reinterpret pc=0x00007effc8cf9220 method=java.lang.Object.equals(Ljava/lang/Object;)Z @ 2
Event: 37.911 Thread 0x00007effd800a000 Uncommon trap: reason=class_check action=maybe_recompile pc=0x00007effc8cb3500 method=java.util.concurrent.ConcurrentHashMap.get(Ljava/lang/Object;)Ljava/lang/Object; @ 149
Event: 37.911 Thread 0x00007effd800a000 Uncommon trap: reason=class_check action=maybe_recompile pc=0x00007effc8cb33f4 method=java.util.concurrent.ConcurrentHashMap.get(Ljava/lang/Object;)Ljava/lang/Object; @ 73
Event: 41.782 Thread 0x00007effd800a000 Uncommon trap: reason=unreached action=reinterpret pc=0x00007effc8cb36d0 method=java.util.concurrent.ConcurrentHashMap.get(Ljava/lang/Object;)Ljava/lang/Object; @ 15

Internal exceptions (10 events):
Event: 0.391 Thread 0x00007effd800a000 Exception <a 'java/security/PrivilegedActionException'> (0x00000007d5b09ad0) thrown at [/HUDSON/workspace/8-2-build-linux-amd64/jdk8/131/hotspot/src/share/vm/prims/jvm.cpp, line 1249]
Event: 0.391 Thread 0x00007effd800a000 Exception <a 'java/security/PrivilegedActionException'> (0x00000007d5b0aa40) thrown at [/HUDSON/workspace/8-2-build-linux-amd64/jdk8/131/hotspot/src/share/vm/prims/jvm.cpp, line 1249]
Event: 0.464 Thread 0x00007effd800a000 Exception <a 'java/lang/IncompatibleClassChangeError': Expected static method jdk.nashorn.internal.runtime.ScriptFunction.allocate()Ljava/lang/Object;> (0x00000007d5d38dc8) thrown at [/HUDSON/workspace/8-2-build-linux-amd64/jdk8/131/hotspot/src/share/vm/i
Event: 0.743 Thread 0x00007effd800a000 Exception <a 'java/lang/IncompatibleClassChangeError': Expected static method jdk.nashorn.internal.codegen.RuntimeCallSite.next(Ljava/lang/String;)Ljava/lang/invoke/MethodHandle;> (0x00000007d6e92db0) thrown at [/HUDSON/workspace/8-2-build-linux-amd64/jdk
Event: 0.768 Thread 0x00007effd800a000 Exception <a 'java/security/PrivilegedActionException'> (0x00000007d6f26100) thrown at [/HUDSON/workspace/8-2-build-linux-amd64/jdk8/131/hotspot/src/share/vm/prims/jvm.cpp, line 1249]
Event: 0.777 Thread 0x00007effd800a000 Exception <a 'java/security/PrivilegedActionException'> (0x00000007d6f56a10) thrown at [/HUDSON/workspace/8-2-build-linux-amd64/jdk8/131/hotspot/src/share/vm/prims/jvm.cpp, line 1249]
Event: 0.783 Thread 0x00007effd800a000 Exception <a 'java/security/PrivilegedActionException'> (0x00000007d6f74c90) thrown at [/HUDSON/workspace/8-2-build-linux-amd64/jdk8/131/hotspot/src/share/vm/prims/jvm.cpp, line 1249]
Event: 0.796 Thread 0x00007effd800a000 Exception <a 'java/security/PrivilegedActionException'> (0x00000007d6fbf5f8) thrown at [/HUDSON/workspace/8-2-build-linux-amd64/jdk8/131/hotspot/src/share/vm/prims/jvm.cpp, line 1249]
Event: 10.707 Thread 0x00007effd800a000 Exception <a 'java/security/PrivilegedActionException'> (0x00000007d70c5b98) thrown at [/HUDSON/workspace/8-2-build-linux-amd64/jdk8/131/hotspot/src/share/vm/prims/jvm.cpp, line 1249]
Event: 41.782 Thread 0x00007effd800a000 Implicit null exception at 0x00007effc8cb3100 to 0x00007effc8cb36c1

Events (10 events):
Event: 3616.232 Thread 0x00007effd80a2800 flushing nmethod 0x00007effc8c5ea10
Event: 3616.232 Thread 0x00007effd80a2800 flushing nmethod 0x00007effc8c61b90
Event: 3616.233 Thread 0x00007effd80a2800 flushing nmethod 0x00007effc8cacd90
Event: 3616.234 Thread 0x00007effd80a2800 flushing nmethod 0x00007effc8cc7690
Event: 3616.234 Thread 0x00007effd80a2800 flushing nmethod 0x00007effc8ce8d90
Event: 3616.234 Thread 0x00007effd80a2800 flushing nmethod 0x00007effc8cf0890
Event: 3616.234 Thread 0x00007effd80a2800 flushing nmethod 0x00007effc8cf8f90
Event: 3616.235 Thread 0x00007effd80a2800 flushing nmethod 0x00007effc8d37c10
Event: 3616.236 loading class jdk/internal/dynalink/beans/DynamicMethod
Event: 3616.236 loading class jdk/internal/dynalink/beans/DynamicMethod done


Dynamic libraries:
00400000-00401000 r-xp 00000000 08:01 21768454                           /usr/lib/jvm/java-8-oracle/bin/java
00600000-00601000 rw-p 00000000 08:01 21768454                           /usr/lib/jvm/java-8-oracle/bin/java
01e64000-01e85000 rw-p 00000000 00:00 0                                  [heap]
77fe00000-800200000 rw-p 00000000 00:00 0 
800200000-840000000 ---p 00000000 00:00 0 
7eff7c000000-7eff7c021000 rw-p 00000000 00:00 0 
7eff7c021000-7eff80000000 ---p 00000000 00:00 0 
7eff84000000-7eff84246000 rw-p 00000000 00:00 0 
7eff84246000-7eff88000000 ---p 00000000 00:00 0 
7eff88000000-7eff88021000 rw-p 00000000 00:00 0 
7eff88021000-7eff8c000000 ---p 00000000 00:00 0 
7eff8c000000-7eff8c304000 rw-p 00000000 00:00 0 
7eff8c304000-7eff90000000 ---p 00000000 00:00 0 
7eff90000000-7eff901b1000 rw-p 00000000 00:00 0 
7eff901b1000-7eff94000000 ---p 00000000 00:00 0 
7eff94000000-7eff94021000 rw-p 00000000 00:00 0 
7eff94021000-7eff98000000 ---p 00000000 00:00 0 
7eff98000000-7eff98021000 rw-p 00000000 00:00 0 
7eff98021000-7eff9c000000 ---p 00000000 00:00 0 
7eff9c000000-7eff9c021000 rw-p 00000000 00:00 0 
7eff9c021000-7effa0000000 ---p 00000000 00:00 0 
7effa3e00000-7effa8000000 rw-p 00000000 00:00 0 
7effa8000000-7effa8021000 rw-p 00000000 00:00 0 
7effa8021000-7effac000000 ---p 00000000 00:00 0 
7effac000000-7effac021000 rw-p 00000000 00:00 0 
7effac021000-7effb0000000 ---p 00000000 00:00 0 
7effb0000000-7effb0021000 rw-p 00000000 00:00 0 
7effb0021000-7effb4000000 ---p 00000000 00:00 0 
7effb8000000-7effb8021000 rw-p 00000000 00:00 0 
7effb8021000-7effbc000000 ---p 00000000 00:00 0 
7effc0000000-7effc0021000 rw-p 00000000 00:00 0 
7effc0021000-7effc4000000 ---p 00000000 00:00 0 
7effc5070000-7effc5087000 r--s 00168000 08:01 21892575                   /usr/lib/jvm/java-8-oracle/jre/lib/ext/nashorn.jar
7effc5087000-7effc512c000 r--s 0109c000 08:01 21892579                   /usr/lib/jvm/java-8-oracle/jre/lib/ext/jfxrt.jar
7effc512c000-7effc5142000 r--s 00167000 08:01 7609736                    /home/buddhi/IdeaProjects/Nas/dist/nashorn.jar
7effc5142000-7effc5143000 ---p 00000000 00:00 0 
7effc5143000-7effc5243000 rw-p 00000000 00:00 0                          [stack:7258]
7effc5243000-7effc5246000 ---p 00000000 00:00 0 
7effc5246000-7effc5344000 rw-p 00000000 00:00 0                          [stack:7257]
7effc5344000-7effc5347000 ---p 00000000 00:00 0 
7effc5347000-7effc5445000 rw-p 00000000 00:00 0                          [stack:7256]
7effc5445000-7effc5448000 ---p 00000000 00:00 0 
7effc5448000-7effc5546000 rw-p 00000000 00:00 0                          [stack:7255]
7effc5546000-7effc5549000 ---p 00000000 00:00 0 
7effc5549000-7effc5647000 rw-p 00000000 00:00 0                          [stack:7254]
7effc5647000-7effc564a000 ---p 00000000 00:00 0 
7effc564a000-7effc5748000 rw-p 00000000 00:00 0                          [stack:7253]
7effc5748000-7effc5e2a000 r--p 00000000 08:01 21239701                   /usr/lib/locale/locale-archive
7effc5e2a000-7effc5e2d000 ---p 00000000 00:00 0 
7effc5e2d000-7effc5f2b000 rw-p 00000000 00:00 0                          [stack:7252]
7effc5f2b000-7effc5f2e000 ---p 00000000 00:00 0 
7effc5f2e000-7effc602c000 rw-p 00000000 00:00 0                          [stack:7251]
7effc602c000-7effc602d000 ---p 00000000 00:00 0 
7effc602d000-7effc70c0000 rw-p 00000000 00:00 0                          [stack:7250]
7effc70c0000-7effc7291000 r--s 03c34000 08:01 21769467                   /usr/lib/jvm/java-8-oracle/jre/lib/rt.jar
7effc7291000-7effc7400000 rw-p 00000000 00:00 0 
7effc7400000-7effc7a00000 rw-p 00000000 00:00 0 
7effc7a00000-7effc7e92000 rw-p 00000000 00:00 0 
7effc7e92000-7effc7e93000 ---p 00000000 00:00 0 
7effc7e93000-7effc8650000 rw-p 00000000 00:00 0                          [stack:7249]
7effc8650000-7effc8a00000 ---p 00000000 00:00 0 
7effc8a00000-7effc8e00000 rwxp 00000000 00:00 0 
7effc8e00000-7effd7a00000 ---p 00000000 00:00 0 
7effd7a12000-7effd7ad6000 rw-p 00000000 00:00 0 
7effd7ad6000-7effd7ad7000 ---p 00000000 00:00 0 
7effd7ad7000-7effd7bd7000 rw-p 00000000 00:00 0                          [stack:7248]
7effd7bd7000-7effd7bf3000 r-xp 00000000 08:01 21769319                   /usr/lib/jvm/java-8-oracle/jre/lib/amd64/libzip.so
7effd7bf3000-7effd7df2000 ---p 0001c000 08:01 21769319                   /usr/lib/jvm/java-8-oracle/jre/lib/amd64/libzip.so
7effd7df2000-7effd7df3000 rw-p 0001b000 08:01 21769319                   /usr/lib/jvm/java-8-oracle/jre/lib/amd64/libzip.so
7effd7df3000-7effd7dff000 r-xp 00000000 08:01 22023857                   /lib/x86_64-linux-gnu/libnss_files-2.17.so
7effd7dff000-7effd7ffe000 ---p 0000c000 08:01 22023857                   /lib/x86_64-linux-gnu/libnss_files-2.17.so
7effd7ffe000-7effd7fff000 r--p 0000b000 08:01 22023857                   /lib/x86_64-linux-gnu/libnss_files-2.17.so
7effd7fff000-7effd8000000 rw-p 0000c000 08:01 22023857                   /lib/x86_64-linux-gnu/libnss_files-2.17.so
7effd8000000-7effd852b000 rw-p 00000000 00:00 0 
7effd852b000-7effdc000000 ---p 00000000 00:00 0 
7effdc003000-7effdc004000 ---p 00000000 00:00 0 
7effdc004000-7effdc104000 rw-p 00000000 00:00 0                          [stack:7247]
7effdc104000-7effdc105000 ---p 00000000 00:00 0 
7effdc105000-7effdc205000 rw-p 00000000 00:00 0                          [stack:7246]
7effdc205000-7effdc210000 r-xp 00000000 08:01 22023861                   /lib/x86_64-linux-gnu/libnss_nis-2.17.so
7effdc210000-7effdc40f000 ---p 0000b000 08:01 22023861                   /lib/x86_64-linux-gnu/libnss_nis-2.17.so
7effdc40f000-7effdc410000 r--p 0000a000 08:01 22023861                   /lib/x86_64-linux-gnu/libnss_nis-2.17.so
7effdc410000-7effdc411000 rw-p 0000b000 08:01 22023861                   /lib/x86_64-linux-gnu/libnss_nis-2.17.so
7effdc411000-7effdc428000 r-xp 00000000 08:01 22023851                   /lib/x86_64-linux-gnu/libnsl-2.17.so
7effdc428000-7effdc627000 ---p 00017000 08:01 22023851                   /lib/x86_64-linux-gnu/libnsl-2.17.so
7effdc627000-7effdc628000 r--p 00016000 08:01 22023851                   /lib/x86_64-linux-gnu/libnsl-2.17.so
7effdc628000-7effdc629000 rw-p 00017000 08:01 22023851                   /lib/x86_64-linux-gnu/libnsl-2.17.so
7effdc629000-7effdc62b000 rw-p 00000000 00:00 0 
7effdc62b000-7effdc633000 r-xp 00000000 08:01 22023853                   /lib/x86_64-linux-gnu/libnss_compat-2.17.so
7effdc633000-7effdc832000 ---p 00008000 08:01 22023853                   /lib/x86_64-linux-gnu/libnss_compat-2.17.so
7effdc832000-7effdc833000 r--p 00007000 08:01 22023853                   /lib/x86_64-linux-gnu/libnss_compat-2.17.so
7effdc833000-7effdc834000 rw-p 00008000 08:01 22023853                   /lib/x86_64-linux-gnu/libnss_compat-2.17.so
7effdc834000-7effdc85e000 r-xp 00000000 08:01 21769327                   /usr/lib/jvm/java-8-oracle/jre/lib/amd64/libjava.so
7effdc85e000-7effdca5e000 ---p 0002a000 08:01 21769327                   /usr/lib/jvm/java-8-oracle/jre/lib/amd64/libjava.so
7effdca5e000-7effdca60000 rw-p 0002a000 08:01 21769327                   /usr/lib/jvm/java-8-oracle/jre/lib/amd64/libjava.so
7effdca60000-7effdca6d000 r-xp 00000000 08:01 21769367                   /usr/lib/jvm/java-8-oracle/jre/lib/amd64/libverify.so
7effdca6d000-7effdcc6d000 ---p 0000d000 08:01 21769367                   /usr/lib/jvm/java-8-oracle/jre/lib/amd64/libverify.so
7effdcc6d000-7effdcc6f000 rw-p 0000d000 08:01 21769367                   /usr/lib/jvm/java-8-oracle/jre/lib/amd64/libverify.so
7effdcc6f000-7effdcc76000 r-xp 00000000 08:01 22023904                   /lib/x86_64-linux-gnu/librt-2.17.so
7effdcc76000-7effdce75000 ---p 00007000 08:01 22023904                   /lib/x86_64-linux-gnu/librt-2.17.so
7effdce75000-7effdce76000 r--p 00006000 08:01 22023904                   /lib/x86_64-linux-gnu/librt-2.17.so
7effdce76000-7effdce77000 rw-p 00007000 08:01 22023904                   /lib/x86_64-linux-gnu/librt-2.17.so
7effdce77000-7effdcf7a000 r-xp 00000000 08:01 22023832                   /lib/x86_64-linux-gnu/libm-2.17.so
7effdcf7a000-7effdd17a000 ---p 00103000 08:01 22023832                   /lib/x86_64-linux-gnu/libm-2.17.so
7effdd17a000-7effdd17b000 r--p 00103000 08:01 22023832                   /lib/x86_64-linux-gnu/libm-2.17.so
7effdd17b000-7effdd17c000 rw-p 00104000 08:01 22023832                   /lib/x86_64-linux-gnu/libm-2.17.so
7effdd17c000-7effddd69000 r-xp 00000000 08:01 21769317                   /usr/lib/jvm/java-8-oracle/jre/lib/amd64/server/libjvm.so
7effddd69000-7effddf69000 ---p 00bed000 08:01 21769317                   /usr/lib/jvm/java-8-oracle/jre/lib/amd64/server/libjvm.so
7effddf69000-7effde02b000 rw-p 00bed000 08:01 21769317                   /usr/lib/jvm/java-8-oracle/jre/lib/amd64/server/libjvm.so
7effde02b000-7effde06c000 rw-p 00000000 00:00 0 
7effde06c000-7effde22a000 r-xp 00000000 08:01 22023784                   /lib/x86_64-linux-gnu/libc-2.17.so
7effde22a000-7effde429000 ---p 001be000 08:01 22023784                   /lib/x86_64-linux-gnu/libc-2.17.so
7effde429000-7effde42d000 r--p 001bd000 08:01 22023784                   /lib/x86_64-linux-gnu/libc-2.17.so
7effde42d000-7effde42f000 rw-p 001c1000 08:01 22023784                   /lib/x86_64-linux-gnu/libc-2.17.so
7effde42f000-7effde434000 rw-p 00000000 00:00 0 
7effde434000-7effde437000 r-xp 00000000 08:01 22023799                   /lib/x86_64-linux-gnu/libdl-2.17.so
7effde437000-7effde636000 ---p 00003000 08:01 22023799                   /lib/x86_64-linux-gnu/libdl-2.17.so
7effde636000-7effde637000 r--p 00002000 08:01 22023799                   /lib/x86_64-linux-gnu/libdl-2.17.so
7effde637000-7effde638000 rw-p 00003000 08:01 22023799                   /lib/x86_64-linux-gnu/libdl-2.17.so
7effde638000-7effde64f000 r-xp 00000000 08:01 21769299                   /usr/lib/jvm/java-8-oracle/jre/lib/amd64/jli/libjli.so
7effde64f000-7effde84e000 ---p 00017000 08:01 21769299                   /usr/lib/jvm/java-8-oracle/jre/lib/amd64/jli/libjli.so
7effde84e000-7effde84f000 rw-p 00016000 08:01 21769299                   /usr/lib/jvm/java-8-oracle/jre/lib/amd64/jli/libjli.so
7effde84f000-7effde867000 r-xp 00000000 08:01 22023896                   /lib/x86_64-linux-gnu/libpthread-2.17.so
7effde867000-7effdea66000 ---p 00018000 08:01 22023896                   /lib/x86_64-linux-gnu/libpthread-2.17.so
7effdea66000-7effdea67000 r--p 00017000 08:01 22023896                   /lib/x86_64-linux-gnu/libpthread-2.17.so
7effdea67000-7effdea68000 rw-p 00018000 08:01 22023896                   /lib/x86_64-linux-gnu/libpthread-2.17.so
7effdea68000-7effdea6c000 rw-p 00000000 00:00 0 
7effdea6c000-7effdea8f000 r-xp 00000000 08:01 22023760                   /lib/x86_64-linux-gnu/ld-2.17.so
7effdea9f000-7effdeb6c000 rw-p 00000000 00:00 0 
7effdeb6c000-7effdeb6f000 ---p 00000000 00:00 0 
7effdeb6f000-7effdec71000 rw-p 00000000 00:00 0                          [stack:7245]
7effdec7f000-7effdec82000 rw-p 00000000 00:00 0 
7effdec82000-7effdec8a000 rw-s 00000000 08:01 13241001                   /tmp/hsperfdata_buddhi/7244
7effdec8a000-7effdec8b000 rw-p 00000000 00:00 0 
7effdec8b000-7effdec8c000 r--p 00000000 00:00 0 
7effdec8c000-7effdec8e000 rw-p 00000000 00:00 0 
7effdec8e000-7effdec8f000 r--p 00022000 08:01 22023760                   /lib/x86_64-linux-gnu/ld-2.17.so
7effdec8f000-7effdec91000 rw-p 00023000 08:01 22023760                   /lib/x86_64-linux-gnu/ld-2.17.so
7fff0f383000-7fff0f3a4000 rw-p 00000000 00:00 0                          [stack]
7fff0f3fe000-7fff0f400000 r-xp 00000000 00:00 0                          [vdso]
ffffffffff600000-ffffffffff601000 r-xp 00000000 00:00 0                  [vsyscall]

VM Arguments:
jvm_args: -XX:+TieredCompilation -Xms2G -Xmx2G -esa -ea -Djava.ext.dirs=./../dist:/usr/lib/jvm/java-8-oracle//jre/lib/ext -XX:+HeapDumpOnOutOfMemoryError -Djava.lang.invoke.MethodHandle.DEBUG_NAMES=false -Dnashorn.debug=true 
java_command: jdk.nashorn.tools.Shell
java_class_path (initial): .
Launcher Type: SUN_STANDARD

Environment Variables:
JAVA_HOME=/usr/lib/jvm/java-8-oracle/
PATH=/home/buddhi/bin:/usr/lib/lightdm/lightdm:/usr/local/sbin:/usr/local/bin:/usr/sbin:/usr/bin:/sbin:/bin:/usr/games:/usr/local/games:/usr/lib/jvm/jdk1.7.0_25
SHELL=/bin/bash
DISPLAY=:0

Signal Handlers:
SIGSEGV: [libjvm.so+0xa0c460], sa_mask[0]=0x7ffbfeff, sa_flags=0x10000004
SIGBUS: [libjvm.so+0xa0c460], sa_mask[0]=0x7ffbfeff, sa_flags=0x10000004
SIGFPE: [libjvm.so+0x87ad80], sa_mask[0]=0x7ffbfeff, sa_flags=0x10000004
SIGPIPE: [libjvm.so+0x87ad80], sa_mask[0]=0x7ffbfeff, sa_flags=0x10000004
SIGXFSZ: [libjvm.so+0x87ad80], sa_mask[0]=0x7ffbfeff, sa_flags=0x10000004
SIGILL: [libjvm.so+0x87ad80], sa_mask[0]=0x7ffbfeff, sa_flags=0x10000004
SIGUSR1: SIG_DFL, sa_mask[0]=0x00000000, sa_flags=0x00000000
SIGUSR2: [libjvm.so+0x87c5e0], sa_mask[0]=0x00000000, sa_flags=0x10000004
SIGHUP: [libjvm.so+0x87d850], sa_mask[0]=0x7ffbfeff, sa_flags=0x10000004
SIGINT: [libjvm.so+0x87d850], sa_mask[0]=0x7ffbfeff, sa_flags=0x10000004
SIGTERM: [libjvm.so+0x87d850], sa_mask[0]=0x7ffbfeff, sa_flags=0x10000004
SIGQUIT: [libjvm.so+0x87d850], sa_mask[0]=0x7ffbfeff, sa_flags=0x10000004


---------------  S Y S T E M  ---------------

OS:wheezy/sid

uname:Linux 3.8.0-30-generic #44-Ubuntu SMP Thu Aug 22 20:52:24 UTC 2013 x86_64
libc:glibc 2.17 NPTL 2.17 
rlimit: STACK 8192k, CORE 0k, NPROC 30634, NOFILE 4096, AS infinity
load average:0.39 0.24 0.23

/proc/meminfo:
MemTotal:        3940260 kB
MemFree:          187320 kB
Buffers:           41864 kB
Cached:           501676 kB
SwapCached:         7128 kB
Active:          2423164 kB
Inactive:        1058104 kB
Active(anon):    2247044 kB
Inactive(anon):   860944 kB
Active(file):     176120 kB
Inactive(file):   197160 kB
Unevictable:          84 kB
Mlocked:              84 kB
SwapTotal:       4084732 kB
SwapFree:        3896284 kB
Dirty:               256 kB
Writeback:             0 kB
AnonPages:       2931260 kB
Mapped:           145128 kB
Shmem:            170140 kB
Slab:             152676 kB
SReclaimable:     113680 kB
SUnreclaim:        38996 kB
KernelStack:        7880 kB
PageTables:        50972 kB
NFS_Unstable:          0 kB
Bounce:                0 kB
WritebackTmp:          0 kB
CommitLimit:     6054860 kB
Committed_AS:   54981588 kB
VmallocTotal:   34359738367 kB
VmallocUsed:      347780 kB
VmallocChunk:   34359385564 kB
HardwareCorrupted:     0 kB
AnonHugePages:    901120 kB
HugePages_Total:       0
HugePages_Free:        0
HugePages_Rsvd:        0
HugePages_Surp:        0
Hugepagesize:       2048 kB
DirectMap4k:       69628 kB
DirectMap2M:     4020224 kB


CPU:total 4 (2 cores per cpu, 2 threads per core) family 6 model 42 stepping 7, cmov, cx8, fxsr, mmx, sse, sse2, sse3, ssse3, sse4.1, sse4.2, popcnt, avx, clmul, ht, tsc, tscinvbit

/proc/cpuinfo:
processor	: 0
vendor_id	: GenuineIntel
cpu family	: 6
model		: 42
model name	: Intel(R) Core(TM) i3-2350M CPU @ 2.30GHz
stepping	: 7
microcode	: 0x23
cpu MHz		: 2300.000
cache size	: 3072 KB
physical id	: 0
siblings	: 4
core id		: 0
cpu cores	: 2
apicid		: 0
initial apicid	: 0
fpu		: yes
fpu_exception	: yes
cpuid level	: 13
wp		: yes
flags		: fpu vme de pse tsc msr pae mce cx8 apic sep mtrr pge mca cmov pat pse36 clflush dts acpi mmx fxsr sse sse2 ss ht tm pbe syscall nx rdtscp lm constant_tsc arch_perfmon pebs bts nopl xtopology nonstop_tsc aperfmperf eagerfpu pni pclmulqdq dtes64 monitor ds_cpl vmx est tm2 ssse3 cx16 xtpr pdcm pcid sse4_1 sse4_2 x2apic popcnt tsc_deadline_timer xsave avx lahf_lm arat epb xsaveopt pln pts dtherm tpr_shadow vnmi flexpriority ept vpid
bogomips	: 4585.29
clflush size	: 64
cache_alignment	: 64
address sizes	: 36 bits physical, 48 bits virtual
power management:

processor	: 1
vendor_id	: GenuineIntel
cpu family	: 6
model		: 42
model name	: Intel(R) Core(TM) i3-2350M CPU @ 2.30GHz
stepping	: 7
microcode	: 0x23
cpu MHz		: 2300.000
cache size	: 3072 KB
physical id	: 0
siblings	: 4
core id		: 0
cpu cores	: 2
apicid		: 1
initial apicid	: 1
fpu		: yes
fpu_exception	: yes
cpuid level	: 13
wp		: yes
flags		: fpu vme de pse tsc msr pae mce cx8 apic sep mtrr pge mca cmov pat pse36 clflush dts acpi mmx fxsr sse sse2 ss ht tm pbe syscall nx rdtscp lm constant_tsc arch_perfmon pebs bts nopl xtopology nonstop_tsc aperfmperf eagerfpu pni pclmulqdq dtes64 monitor ds_cpl vmx est tm2 ssse3 cx16 xtpr pdcm pcid sse4_1 sse4_2 x2apic popcnt tsc_deadline_timer xsave avx lahf_lm arat epb xsaveopt pln pts dtherm tpr_shadow vnmi flexpriority ept vpid
bogomips	: 4585.29
clflush size	: 64
cache_alignment	: 64
address sizes	: 36 bits physical, 48 bits virtual
power management:

processor	: 2
vendor_id	: GenuineIntel
cpu family	: 6
model		: 42
model name	: Intel(R) Core(TM) i3-2350M CPU @ 2.30GHz
stepping	: 7
microcode	: 0x23
cpu MHz		: 800.000
cache size	: 3072 KB
physical id	: 0
siblings	: 4
core id		: 1
cpu cores	: 2
apicid		: 2
initial apicid	: 2
fpu		: yes
fpu_exception	: yes
cpuid level	: 13
wp		: yes
flags		: fpu vme de pse tsc msr pae mce cx8 apic sep mtrr pge mca cmov pat pse36 clflush dts acpi mmx fxsr sse sse2 ss ht tm pbe syscall nx rdtscp lm constant_tsc arch_perfmon pebs bts nopl xtopology nonstop_tsc aperfmperf eagerfpu pni pclmulqdq dtes64 monitor ds_cpl vmx est tm2 ssse3 cx16 xtpr pdcm pcid sse4_1 sse4_2 x2apic popcnt tsc_deadline_timer xsave avx lahf_lm arat epb xsaveopt pln pts dtherm tpr_shadow vnmi flexpriority ept vpid
bogomips	: 4585.29
clflush size	: 64
cache_alignment	: 64
address sizes	: 36 bits physical, 48 bits virtual
power management:

processor	: 3
vendor_id	: GenuineIntel
cpu family	: 6
model		: 42
model name	: Intel(R) Core(TM) i3-2350M CPU @ 2.30GHz
stepping	: 7
microcode	: 0x23
cpu MHz		: 800.000
cache size	: 3072 KB
physical id	: 0
siblings	: 4
core id		: 1
cpu cores	: 2
apicid		: 3
initial apicid	: 3
fpu		: yes
fpu_exception	: yes
cpuid level	: 13
wp		: yes
flags		: fpu vme de pse tsc msr pae mce cx8 apic sep mtrr pge mca cmov pat pse36 clflush dts acpi mmx fxsr sse sse2 ss ht tm pbe syscall nx rdtscp lm constant_tsc arch_perfmon pebs bts nopl xtopology nonstop_tsc aperfmperf eagerfpu pni pclmulqdq dtes64 monitor ds_cpl vmx est tm2 ssse3 cx16 xtpr pdcm pcid sse4_1 sse4_2 x2apic popcnt tsc_deadline_timer xsave avx lahf_lm arat epb xsaveopt pln pts dtherm tpr_shadow vnmi flexpriority ept vpid
bogomips	: 4585.29
clflush size	: 64
cache_alignment	: 64
address sizes	: 36 bits physical, 48 bits virtual
power management:



Memory: 4k page, physical 3940260k(187320k free), swap 4084732k(3896284k free)

vm_info: Java HotSpot(TM) 64-Bit Server VM (25.0-b48) for linux-amd64 JRE (1.8.0-ea-b106), built on Sep  5 2013 04:47:43 by "java_re" with gcc 4.3.0 20080428 (Red Hat 4.3.0-8)

time: Thu Dec 12 15:37:13 2013
elapsed time: 3616 seconds

